Analizador Lexico
Autor: Guillermo Fernandez
Gramatica = SNT
: = ST
Prueba = SNT

 = EOL
{ = ST

 = EOL
D = SNT
-> = Flecha
P = SNT

 = EOL
F = SNT
-> = Flecha
W = SNT
\| = Pipe
U = SNT
\| = Pipe
Y = SNT
\| = Pipe
T = SNT

 = EOL
Q = SNT
-> = Flecha
V = SNT
/ = ST
/ = ST
cuando = ST
tienes = ST
esto = ST
poner = ST
en = ST
una = ST
lista = ST
en = ST
forma = ST
agrupamiento = ST

 = EOL
E = SNT
-> = Flecha
include = ST

 = EOL
C = SNT
-> = Flecha
< = ST
Identificador = SNT
. = ST
h = ST
> = ST

 = EOL
} = ST

 = EOL
